<?xml version="1.0" encoding="UTF-8"?>
<testng-results ignored="0" total="1" passed="1" failed="0" skipped="0">
  <reporter-output>
  </reporter-output>
  <suite started-at="2025-07-29T15:37:36 IST" name="Surefire suite" finished-at="2025-07-29T15:38:12 IST" duration-ms="36497">
    <groups>
    </groups>
    <test started-at="2025-07-29T15:37:36 IST" name="Surefire test" finished-at="2025-07-29T15:38:12 IST" duration-ms="36497">
      <class name="tests.LoginTest">
        <test-method is-config="true" signature="setup()[pri:0, instance:tests.LoginTest@45018215]" started-at="2025-07-29T15:37:36 IST" name="setup" finished-at="2025-07-29T15:37:40 IST" duration-ms="4273" status="PASS">
          <reporter-output>
          </reporter-output>
        </test-method> <!-- setup -->
        <test-method signature="runAllLogins()[pri:0, instance:tests.LoginTest@45018215]" started-at="2025-07-29T15:37:40 IST" name="runAllLogins" finished-at="2025-07-29T15:38:12 IST" duration-ms="32018" status="PASS">
          <reporter-output>
          </reporter-output>
        </test-method> <!-- runAllLogins -->
        <test-method is-config="true" signature="tearDown()[pri:0, instance:tests.LoginTest@45018215]" started-at="2025-07-29T15:38:12 IST" name="tearDown" finished-at="2025-07-29T15:38:12 IST" duration-ms="162" status="PASS">
          <reporter-output>
          </reporter-output>
        </test-method> <!-- tearDown -->
      </class> <!-- tests.LoginTest -->
    </test> <!-- Surefire test -->
  </suite> <!-- Surefire suite -->
</testng-results>
