<?xml version="1.0" encoding="UTF-8"?>
<testng-results ignored="0" total="2" passed="2" failed="0" skipped="0">
  <reporter-output>
  </reporter-output>
  <suite started-at="2025-07-10T11:46:40 IST" name="Surefire suite" finished-at="2025-07-10T11:49:24 IST" duration-ms="163862">
    <groups>
    </groups>
    <test started-at="2025-07-10T11:46:40 IST" name="Surefire test" finished-at="2025-07-10T11:49:24 IST" duration-ms="163862">
      <class name="tests.LoginTest">
        <test-method is-config="true" signature="setup()[pri:0, instance:tests.LoginTest@75f32542]" started-at="2025-07-10T11:47:08 IST" name="setup" finished-at="2025-07-10T11:47:08 IST" duration-ms="649" status="PASS">
          <reporter-output>
          </reporter-output>
        </test-method> <!-- setup -->
        <test-method signature="runAllLogins()[pri:1, instance:tests.LoginTest@75f32542]" started-at="2025-07-10T11:47:08 IST" name="runAllLogins" finished-at="2025-07-10T11:49:24 IST" duration-ms="135734" status="PASS">
          <reporter-output>
          </reporter-output>
        </test-method> <!-- runAllLogins -->
        <test-method is-config="true" signature="tearDown()[pri:0, instance:tests.LoginTest@75f32542]" started-at="2025-07-10T11:49:24 IST" name="tearDown" finished-at="2025-07-10T11:49:24 IST" duration-ms="138" status="PASS">
          <reporter-output>
          </reporter-output>
        </test-method> <!-- tearDown -->
      </class> <!-- tests.LoginTest -->
      <class name="tests.AddUserTest">
        <test-method is-config="true" signature="setup()[pri:0, instance:tests.AddUserTest@23986957]" started-at="2025-07-10T11:46:40 IST" name="setup" finished-at="2025-07-10T11:46:42 IST" duration-ms="1548" status="PASS">
          <reporter-output>
          </reporter-output>
        </test-method> <!-- setup -->
        <test-method signature="addNewUserFlow()[pri:0, instance:tests.AddUserTest@23986957]" started-at="2025-07-10T11:46:42 IST" name="addNewUserFlow" finished-at="2025-07-10T11:47:08 IST" duration-ms="25646" status="PASS">
          <reporter-output>
          </reporter-output>
        </test-method> <!-- addNewUserFlow -->
        <test-method is-config="true" signature="tearDown()[pri:0, instance:tests.AddUserTest@23986957]" started-at="2025-07-10T11:47:08 IST" name="tearDown" finished-at="2025-07-10T11:47:08 IST" duration-ms="103" status="PASS">
          <reporter-output>
          </reporter-output>
        </test-method> <!-- tearDown -->
      </class> <!-- tests.AddUserTest -->
    </test> <!-- Surefire test -->
  </suite> <!-- Surefire suite -->
</testng-results>
