<?xml version="1.0" encoding="UTF-8"?>
<testng-results ignored="0" total="1" passed="1" failed="0" skipped="0">
  <reporter-output>
  </reporter-output>
  <suite started-at="2025-07-10T11:22:07 IST" name="Surefire suite" finished-at="2025-07-10T11:22:32 IST" duration-ms="25032">
    <groups>
    </groups>
    <test started-at="2025-07-10T11:22:07 IST" name="Surefire test" finished-at="2025-07-10T11:22:32 IST" duration-ms="25032">
      <class name="tests.AddUserTest">
        <test-method is-config="true" signature="setup()[pri:0, instance:tests.AddUserTest@70be0a2b]" started-at="2025-07-10T11:22:07 IST" name="setup" finished-at="2025-07-10T11:22:08 IST" duration-ms="1364" status="PASS">
          <reporter-output>
          </reporter-output>
        </test-method> <!-- setup -->
        <test-method signature="addNewUserFlow()[pri:0, instance:tests.AddUserTest@70be0a2b]" started-at="2025-07-10T11:22:08 IST" name="addNewUserFlow" finished-at="2025-07-10T11:22:32 IST" duration-ms="23478" status="PASS">
          <reporter-output>
          </reporter-output>
        </test-method> <!-- addNewUserFlow -->
        <test-method is-config="true" signature="tearDown()[pri:0, instance:tests.AddUserTest@70be0a2b]" started-at="2025-07-10T11:22:32 IST" name="tearDown" finished-at="2025-07-10T11:22:32 IST" duration-ms="166" status="PASS">
          <reporter-output>
          </reporter-output>
        </test-method> <!-- tearDown -->
      </class> <!-- tests.AddUserTest -->
    </test> <!-- Surefire test -->
  </suite> <!-- Surefire suite -->
</testng-results>
